<!DOCTYPE html PUBLIC "-//W3C//DTD XHTML 1.1//EN" "https://www.w3.org/TR/xhtml11/DTD/xhtml11.dtd">
<html xmlns="https://www.w3.org/1999/xhtml">
<head>
<meta http-equiv="content-type" content="text/html; charset=UTF-8"/>
<title>TestNG Report</title>
<style type="text/css">table {margin-bottom:10px;border-collapse:collapse;empty-cells:show}th,td {border:1px solid #009;padding:.25em .5em}th {vertical-align:bottom}td {vertical-align:top}table a {font-weight:bold}.stripe td {background-color: #E6EBF9}.num {text-align:right}.passedodd td {background-color: #3F3}.passedeven td {background-color: #0A0}.skippedodd td {background-color: #DDD}.skippedeven td {background-color: #CCC}.failedodd td,.attn {background-color: #F33}.failedeven td,.stripe .attn {background-color: #D00}.stacktrace {white-space:pre;font-family:monospace}.totop {font-size:85%;text-align:center;border-bottom:2px solid #000}.invisible {display:none}</style>
</head>
<body>
<table>
<tr><th>Test</th><th># Passed</th><th># Skipped</th><th># Retried</th><th># Failed</th><th>Time (ms)</th><th>Included Groups</th><th>Excluded Groups</th></tr>
<tr><th colspan="8">Surefire suite</th></tr>
<tr><td><a href="#t0">Surefire test</a></td><td class="num">0</td><td class="num attn">15</td><td class="num">0</td><td class="num">0</td><td class="num">164</td><td></td><td></td></tr>
</table>
<table id='summary'><thead><tr><th>Class</th><th>Method</th><th>Start</th><th>Time (ms)</th></tr></thead><tbody><tr><th colspan="4">Surefire suite</th></tr></tbody><tbody id="t0"><tr><th colspan="4">Surefire test &#8212; failed (configuration methods)</th></tr><tr class="failedeven"><td rowspan="1">WWproduct.testCases.VerifyLoginTo_WWproductTest</td><td><a href="#m0">setup</a></td><td rowspan="1">1715930658362</td><td rowspan="1">-1715930658362</td></tr><tr class="failedodd"><td rowspan="1">WWproduct.testCases.VerifyMyraisedCases_RealTimedata_Dashboard_MyReports_ReopeningofCaseTest</td><td><a href="#m1">setup</a></td><td rowspan="1">1715930658421</td><td rowspan="1">-1715930658421</td></tr><tr class="failedeven"><td rowspan="1">WWproduct.testCases.VerifyQueryDashboard_and_Reopeningofquery_QueryAllocationPageTest</td><td><a href="#m2">setup</a></td><td rowspan="1">1715930658424</td><td rowspan="1">-1715930658424</td></tr><tr class="failedodd"><td rowspan="1">WWproduct.testCases.VerifyReportsTest</td><td><a href="#m3">setup</a></td><td rowspan="1">1715930658426</td><td rowspan="1">-1715930658426</td></tr><tr class="failedeven"><td rowspan="1">WWproduct.testCases.Verify_CaseAllocationPage_peripheralActivity_switchTeamsTest</td><td><a href="#m4">setup</a></td><td rowspan="1">1715930658430</td><td rowspan="1">-1715930658430</td></tr><tr class="failedodd"><td rowspan="1">WWproduct.testCases.Verify_External_Query_WorkflowTest</td><td><a href="#m5">setup</a></td><td rowspan="1">1715930658433</td><td rowspan="1">-1715930658433</td></tr><tr class="failedeven"><td rowspan="1">WWproduct.testCases.Verify_PendAndReject_workflowOf_caseTest</td><td><a href="#m6">setup</a></td><td rowspan="1">1715930658436</td><td rowspan="1">-1715930658436</td></tr><tr class="failedodd"><td rowspan="1">WWproduct.testCases.Verify_PlanningDashboardTest</td><td><a href="#m7">setup</a></td><td rowspan="1">1715930658438</td><td rowspan="1">-1715930658438</td></tr><tr class="failedeven"><td rowspan="1">WWproduct.testCases.Verify_Processed_quality_authorization_WorkflowTest</td><td><a href="#m8">setup</a></td><td rowspan="1">1715930658439</td><td rowspan="1">-1715930658439</td></tr><tr class="failedodd"><td rowspan="1">WWproduct.testCases.Verify_Query_pend_complete_reject_workflowTest</td><td><a href="#m9">setup</a></td><td rowspan="1">1715930658442</td><td rowspan="1">-1715930658442</td></tr><tr class="failedeven"><td rowspan="1">WWproduct.testCases.Verify_TeamDashboardTest</td><td><a href="#m10">setup</a></td><td rowspan="1">1715930658445</td><td rowspan="1">-1715930658445</td></tr><tr class="failedodd"><td rowspan="1">WWproduct.testCases.Verify_myRaised_queriesTest</td><td><a href="#m11">setup</a></td><td rowspan="1">1715930658434</td><td rowspan="1">-1715930658434</td></tr><tr class="failedeven"><td rowspan="1">WWproduct.testCases.Verify_query_forward_externalquery_close_workflowTest</td><td><a href="#m12">setup</a></td><td rowspan="1">1715930658441</td><td rowspan="1">-1715930658441</td></tr><tr class="failedodd"><td rowspan="1">WWproduct.testCases.Verify_user_creates_newQuery_ThroughQuerymanagementPageTest</td><td><a href="#m13">setup</a></td><td rowspan="1">1715930658449</td><td rowspan="1">-1715930658449</td></tr><tr class="failedeven"><td rowspan="1">WWproduct.testCases.Verify_usermanagementTest</td><td><a href="#m14">setup</a></td><td rowspan="1">1715930658447</td><td rowspan="1">-1715930658447</td></tr><tr><th colspan="4">Surefire test &#8212; skipped (configuration methods)</th></tr><tr class="skippedeven"><td rowspan="1">WWproduct.testCases.BaseClassTest</td><td><a href="#m15">tearDown</a></td><td rowspan="1">1715930658452</td><td rowspan="1">0</td></tr><tr><th colspan="4">Surefire test &#8212; skipped</th></tr><tr class="skippedeven"><td rowspan="1">WWproduct.testCases.VerifyLoginTo_WWproductTest</td><td><a href="#m16">login</a></td><td rowspan="1">1715930658416</td><td rowspan="1">0</td></tr><tr class="skippedodd"><td rowspan="1">WWproduct.testCases.VerifyMyraisedCases_RealTimedata_Dashboard_MyReports_ReopeningofCaseTest</td><td><a href="#m17">login</a></td><td rowspan="1">1715930658422</td><td rowspan="1">0</td></tr><tr class="skippedeven"><td rowspan="1">WWproduct.testCases.VerifyQueryDashboard_and_Reopeningofquery_QueryAllocationPageTest</td><td><a href="#m18">login</a></td><td rowspan="1">1715930658425</td><td rowspan="1">0</td></tr><tr class="skippedodd"><td rowspan="1">WWproduct.testCases.VerifyReportsTest</td><td><a href="#m19">login</a></td><td rowspan="1">1715930658429</td><td rowspan="1">0</td></tr><tr class="skippedeven"><td rowspan="1">WWproduct.testCases.Verify_CaseAllocationPage_peripheralActivity_switchTeamsTest</td><td><a href="#m20">login</a></td><td rowspan="1">1715930658432</td><td rowspan="1">0</td></tr><tr class="skippedodd"><td rowspan="1">WWproduct.testCases.Verify_External_Query_WorkflowTest</td><td><a href="#m21">verify_External_Query_Workflow</a></td><td rowspan="1">1715930658434</td><td rowspan="1">0</td></tr><tr class="skippedeven"><td rowspan="1">WWproduct.testCases.Verify_PendAndReject_workflowOf_caseTest</td><td><a href="#m22">login</a></td><td rowspan="1">1715930658437</td><td rowspan="1">0</td></tr><tr class="skippedodd"><td rowspan="1">WWproduct.testCases.Verify_PlanningDashboardTest</td><td><a href="#m23">login</a></td><td rowspan="1">1715930658439</td><td rowspan="1">0</td></tr><tr class="skippedeven"><td rowspan="1">WWproduct.testCases.Verify_Processed_quality_authorization_WorkflowTest</td><td><a href="#m24">login</a></td><td rowspan="1">1715930658440</td><td rowspan="1">0</td></tr><tr class="skippedodd"><td rowspan="1">WWproduct.testCases.Verify_Query_pend_complete_reject_workflowTest</td><td><a href="#m25">login</a></td><td rowspan="1">1715930658443</td><td rowspan="1">0</td></tr><tr class="skippedeven"><td rowspan="1">WWproduct.testCases.Verify_TeamDashboardTest</td><td><a href="#m26">login</a></td><td rowspan="1">1715930658446</td><td rowspan="1">0</td></tr><tr class="skippedodd"><td rowspan="1">WWproduct.testCases.Verify_myRaised_queriesTest</td><td><a href="#m27">login</a></td><td rowspan="1">1715930658435</td><td rowspan="1">0</td></tr><tr class="skippedeven"><td rowspan="1">WWproduct.testCases.Verify_query_forward_externalquery_close_workflowTest</td><td><a href="#m28">login</a></td><td rowspan="1">1715930658441</td><td rowspan="1">0</td></tr><tr class="skippedodd"><td rowspan="1">WWproduct.testCases.Verify_user_creates_newQuery_ThroughQuerymanagementPageTest</td><td><a href="#m29">login</a></td><td rowspan="1">1715930658451</td><td rowspan="1">0</td></tr><tr class="skippedeven"><td rowspan="1">WWproduct.testCases.Verify_usermanagementTest</td><td><a href="#m30">login</a></td><td rowspan="1">1715930658449</td><td rowspan="1">0</td></tr></tbody>
</table>
<h2>Surefire test</h2><h3 id="m0">WWproduct.testCases.VerifyLoginTo_WWproductTest#setup</h3><table class="result"><tr><th>Exception</th></tr><tr><td><div class="stacktrace">org.testng.TestNGException: 
Parameter &apos;browser&apos; is required by BeforeClass on method setup but has not been marked @Optional or defined

	at java.base/java.util.ArrayList.forEach(ArrayList.java:1511)
... Removed 27 stack frames</div></td></tr></table><p class="totop"><a href="#summary">back to summary</a></p>
<h3 id="m1">WWproduct.testCases.VerifyMyraisedCases_RealTimedata_Dashboard_MyReports_ReopeningofCaseTest#setup</h3><table class="result"><tr><th>Exception</th></tr><tr><td><div class="stacktrace">org.testng.TestNGException: 
Parameter &apos;browser&apos; is required by BeforeClass on method setup but has not been marked @Optional or defined

	at java.base/java.util.ArrayList.forEach(ArrayList.java:1511)
... Removed 27 stack frames</div></td></tr></table><p class="totop"><a href="#summary">back to summary</a></p>
<h3 id="m2">WWproduct.testCases.VerifyQueryDashboard_and_Reopeningofquery_QueryAllocationPageTest#setup</h3><table class="result"><tr><th>Exception</th></tr><tr><td><div class="stacktrace">org.testng.TestNGException: 
Parameter &apos;browser&apos; is required by BeforeClass on method setup but has not been marked @Optional or defined

	at java.base/java.util.ArrayList.forEach(ArrayList.java:1511)
... Removed 27 stack frames</div></td></tr></table><p class="totop"><a href="#summary">back to summary</a></p>
<h3 id="m3">WWproduct.testCases.VerifyReportsTest#setup</h3><table class="result"><tr><th>Exception</th></tr><tr><td><div class="stacktrace">org.testng.TestNGException: 
Parameter &apos;browser&apos; is required by BeforeClass on method setup but has not been marked @Optional or defined

	at java.base/java.util.ArrayList.forEach(ArrayList.java:1511)
... Removed 27 stack frames</div></td></tr></table><p class="totop"><a href="#summary">back to summary</a></p>
<h3 id="m4">WWproduct.testCases.Verify_CaseAllocationPage_peripheralActivity_switchTeamsTest#setup</h3><table class="result"><tr><th>Exception</th></tr><tr><td><div class="stacktrace">org.testng.TestNGException: 
Parameter &apos;browser&apos; is required by BeforeClass on method setup but has not been marked @Optional or defined

	at java.base/java.util.ArrayList.forEach(ArrayList.java:1511)
... Removed 27 stack frames</div></td></tr></table><p class="totop"><a href="#summary">back to summary</a></p>
<h3 id="m5">WWproduct.testCases.Verify_External_Query_WorkflowTest#setup</h3><table class="result"><tr><th>Exception</th></tr><tr><td><div class="stacktrace">org.testng.TestNGException: 
Parameter &apos;browser&apos; is required by BeforeClass on method setup but has not been marked @Optional or defined

	at java.base/java.util.ArrayList.forEach(ArrayList.java:1511)
... Removed 27 stack frames</div></td></tr></table><p class="totop"><a href="#summary">back to summary</a></p>
<h3 id="m6">WWproduct.testCases.Verify_PendAndReject_workflowOf_caseTest#setup</h3><table class="result"><tr><th>Exception</th></tr><tr><td><div class="stacktrace">org.testng.TestNGException: 
Parameter &apos;browser&apos; is required by BeforeClass on method setup but has not been marked @Optional or defined

	at java.base/java.util.ArrayList.forEach(ArrayList.java:1511)
... Removed 27 stack frames</div></td></tr></table><p class="totop"><a href="#summary">back to summary</a></p>
<h3 id="m7">WWproduct.testCases.Verify_PlanningDashboardTest#setup</h3><table class="result"><tr><th>Exception</th></tr><tr><td><div class="stacktrace">org.testng.TestNGException: 
Parameter &apos;browser&apos; is required by BeforeClass on method setup but has not been marked @Optional or defined

	at java.base/java.util.ArrayList.forEach(ArrayList.java:1511)
... Removed 27 stack frames</div></td></tr></table><p class="totop"><a href="#summary">back to summary</a></p>
<h3 id="m8">WWproduct.testCases.Verify_Processed_quality_authorization_WorkflowTest#setup</h3><table class="result"><tr><th>Exception</th></tr><tr><td><div class="stacktrace">org.testng.TestNGException: 
Parameter &apos;browser&apos; is required by BeforeClass on method setup but has not been marked @Optional or defined

	at java.base/java.util.ArrayList.forEach(ArrayList.java:1511)
... Removed 27 stack frames</div></td></tr></table><p class="totop"><a href="#summary">back to summary</a></p>
<h3 id="m9">WWproduct.testCases.Verify_Query_pend_complete_reject_workflowTest#setup</h3><table class="result"><tr><th>Exception</th></tr><tr><td><div class="stacktrace">org.testng.TestNGException: 
Parameter &apos;browser&apos; is required by BeforeClass on method setup but has not been marked @Optional or defined

	at java.base/java.util.ArrayList.forEach(ArrayList.java:1511)
... Removed 27 stack frames</div></td></tr></table><p class="totop"><a href="#summary">back to summary</a></p>
<h3 id="m10">WWproduct.testCases.Verify_TeamDashboardTest#setup</h3><table class="result"><tr><th>Exception</th></tr><tr><td><div class="stacktrace">org.testng.TestNGException: 
Parameter &apos;browser&apos; is required by BeforeClass on method setup but has not been marked @Optional or defined

	at java.base/java.util.ArrayList.forEach(ArrayList.java:1511)
... Removed 27 stack frames</div></td></tr></table><p class="totop"><a href="#summary">back to summary</a></p>
<h3 id="m11">WWproduct.testCases.Verify_myRaised_queriesTest#setup</h3><table class="result"><tr><th>Exception</th></tr><tr><td><div class="stacktrace">org.testng.TestNGException: 
Parameter &apos;browser&apos; is required by BeforeClass on method setup but has not been marked @Optional or defined

	at java.base/java.util.ArrayList.forEach(ArrayList.java:1511)
... Removed 27 stack frames</div></td></tr></table><p class="totop"><a href="#summary">back to summary</a></p>
<h3 id="m12">WWproduct.testCases.Verify_query_forward_externalquery_close_workflowTest#setup</h3><table class="result"><tr><th>Exception</th></tr><tr><td><div class="stacktrace">org.testng.TestNGException: 
Parameter &apos;browser&apos; is required by BeforeClass on method setup but has not been marked @Optional or defined

	at java.base/java.util.ArrayList.forEach(ArrayList.java:1511)
... Removed 27 stack frames</div></td></tr></table><p class="totop"><a href="#summary">back to summary</a></p>
<h3 id="m13">WWproduct.testCases.Verify_user_creates_newQuery_ThroughQuerymanagementPageTest#setup</h3><table class="result"><tr><th>Exception</th></tr><tr><td><div class="stacktrace">org.testng.TestNGException: 
Parameter &apos;browser&apos; is required by BeforeClass on method setup but has not been marked @Optional or defined

	at java.base/java.util.ArrayList.forEach(ArrayList.java:1511)
... Removed 27 stack frames</div></td></tr></table><p class="totop"><a href="#summary">back to summary</a></p>
<h3 id="m14">WWproduct.testCases.Verify_usermanagementTest#setup</h3><table class="result"><tr><th>Exception</th></tr><tr><td><div class="stacktrace">org.testng.TestNGException: 
Parameter &apos;browser&apos; is required by BeforeClass on method setup but has not been marked @Optional or defined

	at java.base/java.util.ArrayList.forEach(ArrayList.java:1511)
... Removed 27 stack frames</div></td></tr></table><p class="totop"><a href="#summary">back to summary</a></p>
<h3 id="m15">WWproduct.testCases.BaseClassTest#tearDown</h3><table class="result"><tr><th class="invisible"/></tr></table><p class="totop"><a href="#summary">back to summary</a></p>
<h3 id="m16">WWproduct.testCases.VerifyLoginTo_WWproductTest#login</h3><table class="result"><tr><th>Exception</th></tr><tr><td><div class="stacktrace">org.testng.TestNGException: 
Parameter &apos;browser&apos; is required by BeforeClass on method setup but has not been marked @Optional or defined

	at java.base/java.util.ArrayList.forEach(ArrayList.java:1511)
... Removed 27 stack frames</div></td></tr></table><p class="totop"><a href="#summary">back to summary</a></p>
<h3 id="m17">WWproduct.testCases.VerifyMyraisedCases_RealTimedata_Dashboard_MyReports_ReopeningofCaseTest#login</h3><table class="result"><tr><th>Exception</th></tr><tr><td><div class="stacktrace">org.testng.TestNGException: 
Parameter &apos;browser&apos; is required by BeforeClass on method setup but has not been marked @Optional or defined

	at java.base/java.util.ArrayList.forEach(ArrayList.java:1511)
... Removed 27 stack frames</div></td></tr></table><p class="totop"><a href="#summary">back to summary</a></p>
<h3 id="m18">WWproduct.testCases.VerifyQueryDashboard_and_Reopeningofquery_QueryAllocationPageTest#login</h3><table class="result"><tr><th>Exception</th></tr><tr><td><div class="stacktrace">org.testng.TestNGException: 
Parameter &apos;browser&apos; is required by BeforeClass on method setup but has not been marked @Optional or defined

	at java.base/java.util.ArrayList.forEach(ArrayList.java:1511)
... Removed 27 stack frames</div></td></tr></table><p class="totop"><a href="#summary">back to summary</a></p>
<h3 id="m19">WWproduct.testCases.VerifyReportsTest#login</h3><table class="result"><tr><th>Exception</th></tr><tr><td><div class="stacktrace">org.testng.TestNGException: 
Parameter &apos;browser&apos; is required by BeforeClass on method setup but has not been marked @Optional or defined

	at java.base/java.util.ArrayList.forEach(ArrayList.java:1511)
... Removed 27 stack frames</div></td></tr></table><p class="totop"><a href="#summary">back to summary</a></p>
<h3 id="m20">WWproduct.testCases.Verify_CaseAllocationPage_peripheralActivity_switchTeamsTest#login</h3><table class="result"><tr><th>Exception</th></tr><tr><td><div class="stacktrace">org.testng.TestNGException: 
Parameter &apos;browser&apos; is required by BeforeClass on method setup but has not been marked @Optional or defined

	at java.base/java.util.ArrayList.forEach(ArrayList.java:1511)
... Removed 27 stack frames</div></td></tr></table><p class="totop"><a href="#summary">back to summary</a></p>
<h3 id="m21">WWproduct.testCases.Verify_External_Query_WorkflowTest#verify_External_Query_Workflow</h3><table class="result"><tr><th>Exception</th></tr><tr><td><div class="stacktrace">org.testng.TestNGException: 
Parameter &apos;browser&apos; is required by BeforeClass on method setup but has not been marked @Optional or defined

	at java.base/java.util.ArrayList.forEach(ArrayList.java:1511)
... Removed 27 stack frames</div></td></tr></table><p class="totop"><a href="#summary">back to summary</a></p>
<h3 id="m22">WWproduct.testCases.Verify_PendAndReject_workflowOf_caseTest#login</h3><table class="result"><tr><th>Exception</th></tr><tr><td><div class="stacktrace">org.testng.TestNGException: 
Parameter &apos;browser&apos; is required by BeforeClass on method setup but has not been marked @Optional or defined

	at java.base/java.util.ArrayList.forEach(ArrayList.java:1511)
... Removed 27 stack frames</div></td></tr></table><p class="totop"><a href="#summary">back to summary</a></p>
<h3 id="m23">WWproduct.testCases.Verify_PlanningDashboardTest#login</h3><table class="result"><tr><th>Exception</th></tr><tr><td><div class="stacktrace">org.testng.TestNGException: 
Parameter &apos;browser&apos; is required by BeforeClass on method setup but has not been marked @Optional or defined

	at java.base/java.util.ArrayList.forEach(ArrayList.java:1511)
... Removed 27 stack frames</div></td></tr></table><p class="totop"><a href="#summary">back to summary</a></p>
<h3 id="m24">WWproduct.testCases.Verify_Processed_quality_authorization_WorkflowTest#login</h3><table class="result"><tr><th>Exception</th></tr><tr><td><div class="stacktrace">org.testng.TestNGException: 
Parameter &apos;browser&apos; is required by BeforeClass on method setup but has not been marked @Optional or defined

	at java.base/java.util.ArrayList.forEach(ArrayList.java:1511)
... Removed 27 stack frames</div></td></tr></table><p class="totop"><a href="#summary">back to summary</a></p>
<h3 id="m25">WWproduct.testCases.Verify_Query_pend_complete_reject_workflowTest#login</h3><table class="result"><tr><th>Exception</th></tr><tr><td><div class="stacktrace">org.testng.TestNGException: 
Parameter &apos;browser&apos; is required by BeforeClass on method setup but has not been marked @Optional or defined

	at java.base/java.util.ArrayList.forEach(ArrayList.java:1511)
... Removed 27 stack frames</div></td></tr></table><p class="totop"><a href="#summary">back to summary</a></p>
<h3 id="m26">WWproduct.testCases.Verify_TeamDashboardTest#login</h3><table class="result"><tr><th>Exception</th></tr><tr><td><div class="stacktrace">org.testng.TestNGException: 
Parameter &apos;browser&apos; is required by BeforeClass on method setup but has not been marked @Optional or defined

	at java.base/java.util.ArrayList.forEach(ArrayList.java:1511)
... Removed 27 stack frames</div></td></tr></table><p class="totop"><a href="#summary">back to summary</a></p>
<h3 id="m27">WWproduct.testCases.Verify_myRaised_queriesTest#login</h3><table class="result"><tr><th>Exception</th></tr><tr><td><div class="stacktrace">org.testng.TestNGException: 
Parameter &apos;browser&apos; is required by BeforeClass on method setup but has not been marked @Optional or defined

	at java.base/java.util.ArrayList.forEach(ArrayList.java:1511)
... Removed 27 stack frames</div></td></tr></table><p class="totop"><a href="#summary">back to summary</a></p>
<h3 id="m28">WWproduct.testCases.Verify_query_forward_externalquery_close_workflowTest#login</h3><table class="result"><tr><th>Exception</th></tr><tr><td><div class="stacktrace">org.testng.TestNGException: 
Parameter &apos;browser&apos; is required by BeforeClass on method setup but has not been marked @Optional or defined

	at java.base/java.util.ArrayList.forEach(ArrayList.java:1511)
... Removed 27 stack frames</div></td></tr></table><p class="totop"><a href="#summary">back to summary</a></p>
<h3 id="m29">WWproduct.testCases.Verify_user_creates_newQuery_ThroughQuerymanagementPageTest#login</h3><table class="result"><tr><th>Exception</th></tr><tr><td><div class="stacktrace">org.testng.TestNGException: 
Parameter &apos;browser&apos; is required by BeforeClass on method setup but has not been marked @Optional or defined

	at java.base/java.util.ArrayList.forEach(ArrayList.java:1511)
... Removed 27 stack frames</div></td></tr></table><p class="totop"><a href="#summary">back to summary</a></p>
<h3 id="m30">WWproduct.testCases.Verify_usermanagementTest#login</h3><table class="result"><tr><th>Exception</th></tr><tr><td><div class="stacktrace">org.testng.TestNGException: 
Parameter &apos;browser&apos; is required by BeforeClass on method setup but has not been marked @Optional or defined

	at java.base/java.util.ArrayList.forEach(ArrayList.java:1511)
... Removed 27 stack frames</div></td></tr></table><p class="totop"><a href="#summary">back to summary</a></p>
</body>
</html>
