-------------------------------------------------------------------------------
Test set: TestSuite
-------------------------------------------------------------------------------
Tests run: 45, Failures: 15, Errors: 0, Skipped: 30, Time elapsed: 0.639 s <<< FAILURE! - in TestSuite
setup(WWproduct.testCases.VerifyLoginTo_WWproductTest)  Time elapsed: 0.428 s  <<< FAILURE!
org.testng.TestNGException: 

Parameter 'browser' is required by BeforeClass on method setup but has not been marked @Optional or defined


setup(WWproduct.testCases.Verify_PendAndReject_workflowOf_caseTest)  Time elapsed: 0.438 s  <<< FAILURE!
org.testng.TestNGException: 

Parameter 'browser' is required by BeforeClass on method setup but has not been marked @Optional or defined


setup(WWproduct.testCases.VerifyMyraisedCases_RealTimedata_Dashboard_MyReports_ReopeningofCaseTest)  Time elapsed: 0.442 s  <<< FAILURE!
org.testng.TestNGException: 

Parameter 'browser' is required by BeforeClass on method setup but has not been marked @Optional or defined


setup(WWproduct.testCases.Verify_PlanningDashboardTest)  Time elapsed: 0.443 s  <<< FAILURE!
org.testng.TestNGException: 

Parameter 'browser' is required by BeforeClass on method setup but has not been marked @Optional or defined


setup(WWproduct.testCases.VerifyQueryDashboard_and_Reopeningofquery_QueryAllocationPageTest)  Time elapsed: 0.443 s  <<< FAILURE!
org.testng.TestNGException: 

Parameter 'browser' is required by BeforeClass on method setup but has not been marked @Optional or defined


setup(WWproduct.testCases.Verify_Processed_quality_authorization_WorkflowTest)  Time elapsed: 0.443 s  <<< FAILURE!
org.testng.TestNGException: 

Parameter 'browser' is required by BeforeClass on method setup but has not been marked @Optional or defined


setup(WWproduct.testCases.VerifyReportsTest)  Time elapsed: 0.443 s  <<< FAILURE!
org.testng.TestNGException: 

Parameter 'browser' is required by BeforeClass on method setup but has not been marked @Optional or defined


setup(WWproduct.testCases.Verify_query_forward_externalquery_close_workflowTest)  Time elapsed: 0.443 s  <<< FAILURE!
org.testng.TestNGException: 

Parameter 'browser' is required by BeforeClass on method setup but has not been marked @Optional or defined


setup(WWproduct.testCases.Verify_CaseAllocationPage_peripheralActivity_switchTeamsTest)  Time elapsed: 0.443 s  <<< FAILURE!
org.testng.TestNGException: 

Parameter 'browser' is required by BeforeClass on method setup but has not been marked @Optional or defined


setup(WWproduct.testCases.Verify_Query_pend_complete_reject_workflowTest)  Time elapsed: 0.443 s  <<< FAILURE!
org.testng.TestNGException: 

Parameter 'browser' is required by BeforeClass on method setup but has not been marked @Optional or defined


setup(WWproduct.testCases.Verify_External_Query_WorkflowTest)  Time elapsed: 0.443 s  <<< FAILURE!
org.testng.TestNGException: 

Parameter 'browser' is required by BeforeClass on method setup but has not been marked @Optional or defined


setup(WWproduct.testCases.Verify_TeamDashboardTest)  Time elapsed: 0.443 s  <<< FAILURE!
org.testng.TestNGException: 

Parameter 'browser' is required by BeforeClass on method setup but has not been marked @Optional or defined


setup(WWproduct.testCases.Verify_myRaised_queriesTest)  Time elapsed: 0.443 s  <<< FAILURE!
org.testng.TestNGException: 

Parameter 'browser' is required by BeforeClass on method setup but has not been marked @Optional or defined


setup(WWproduct.testCases.Verify_usermanagementTest)  Time elapsed: 0.443 s  <<< FAILURE!
org.testng.TestNGException: 

Parameter 'browser' is required by BeforeClass on method setup but has not been marked @Optional or defined


setup(WWproduct.testCases.Verify_user_creates_newQuery_ThroughQuerymanagementPageTest)  Time elapsed: 0.443 s  <<< FAILURE!
org.testng.TestNGException: 

Parameter 'browser' is required by BeforeClass on method setup but has not been marked @Optional or defined


